[debug] ----------------------------------------------------------------------
[debug] Command:      /usr/local/bin/node /usr/local/bin/firebase serve
[debug] CLI Version:  3.0.4
[debug] Platform:     darwin
[debug] Node Version: v6.2.2
[debug] Time:         Thu Jun 30 2016 13:48:01 GMT+0200 (CEST)
[debug] ----------------------------------------------------------------------
[debug] 
[info] Starting Firebase development server...
[info] 
[info] Project Directory: /Users/Carlos/Development/Proyects/Firebase-Polymer-Codelab
[info] Public Directory: public
[info] 
[info] Server listening at: http://localhost:5000
[debug] ----------------------------------------------------------------------
[debug] Command:      /usr/local/bin/node /usr/local/bin/firebase serve
[debug] CLI Version:  3.0.4
[debug] Platform:     darwin
[debug] Node Version: v6.2.2
[debug] Time:         Sun Jul 17 2016 21:47:48 GMT+0200 (CEST)
[debug] ----------------------------------------------------------------------
[debug] 
[info] Starting Firebase development server...
[info] 
[info] Project Directory: /Users/Carlos/Development/Proyects/Firebase-Polymer-Codelab
[info] Public Directory: public
[info] 
[info] Server listening at: http://localhost:5000
